<?xml version="1.0" encoding="UTF-8" ?>
<testsuites errors="1"
            failures="23"
            tests="2">

  <testsuite name="playlist"
    errors="1" failures="23" hostname="" id="" package="playlist" skipped="5"
    tests="2" time="11.18" timestamp="">
  
    <testcase name="Structure de la page" classname="playlist" time="5.920" assertions="13">  <failure message="L&#39;entête existe sur la page in 500ms - expected &#34;is present&#34; but got: &#34;not present&#34; (517ms)">    at Object.validateHeader (/Users/thierry/Desktop/20223-TP2/site-web/tests/e2e/shared.js:9:20)
    at DescribeInstance.&lt;anonymous&gt; (/Users/thierry/Desktop/20223-TP2/site-web/tests/e2e/playlist.js:34:12)</failure>

      <failure message="Le menu de navigation existe dans l&#39;entête in 500ms - expected &#34;is present&#34; but got: &#34;not present&#34; (517ms)">    at Object.validateHeader (/Users/thierry/Desktop/20223-TP2/site-web/tests/e2e/shared.js:10:20)
    at DescribeInstance.&lt;anonymous&gt; (/Users/thierry/Desktop/20223-TP2/site-web/tests/e2e/playlist.js:34:12)</failure>

      <failure message="Le menu de navigation a l&#39;id &#39;nav-bar&#39; in 500ms - expected &#34;contains &#39;nav-bar&#39;&#34; but got: &#34;element could not be located&#34; (517ms)">    at Object.validateHeader (/Users/thierry/Desktop/20223-TP2/site-web/tests/e2e/shared.js:14:20)
    at DescribeInstance.&lt;anonymous&gt; (/Users/thierry/Desktop/20223-TP2/site-web/tests/e2e/playlist.js:34:12)</failure>

      <failure message="Le menu de navigation a la classe &#39;flex-column&#39; in 500ms - expected &#34;has flex-column&#34; but got: &#34;element could not be located&#34; (515ms)">    at Object.validateHeader (/Users/thierry/Desktop/20223-TP2/site-web/tests/e2e/shared.js:20:20)
    at DescribeInstance.&lt;anonymous&gt; (/Users/thierry/Desktop/20223-TP2/site-web/tests/e2e/playlist.js:34:12)</failure>

      <failure message="Le menu de navigation contient une liste in 500ms - expected &#34;is present&#34; but got: &#34;not present&#34; (521ms)">    at Object.validateHeader (/Users/thierry/Desktop/20223-TP2/site-web/tests/e2e/shared.js:25:20)
    at DescribeInstance.&lt;anonymous&gt; (/Users/thierry/Desktop/20223-TP2/site-web/tests/e2e/playlist.js:34:12)</failure>

      <failure message="La liste a la classe &#39;flex-column&#39; in 500ms - expected &#34;has flex-column&#34; but got: &#34;element could not be located&#34; (516ms)">    at Object.validateHeader (/Users/thierry/Desktop/20223-TP2/site-web/tests/e2e/shared.js:29:20)
    at DescribeInstance.&lt;anonymous&gt; (/Users/thierry/Desktop/20223-TP2/site-web/tests/e2e/playlist.js:34:12)</failure>

      <failure message="Failed [equal]: (Le menu de navigation doit comporter 3 liens.) - expected &#34;3&#34; but got: &#34;0&#34; (0ms)">    at NightwatchAPI.&lt;anonymous&gt; (/Users/thierry/Desktop/20223-TP2/site-web/tests/e2e/shared.js:37:22)</failure>

      <failure message="L&#39;élément &#39;main&#39; est présent sur la page in 500ms - expected &#34;is present&#34; but got: &#34;not present&#34; (521ms)">    at DescribeInstance.&lt;anonymous&gt; (/Users/thierry/Desktop/20223-TP2/site-web/tests/e2e/playlist.js:36:20)</failure>

      <failure message="L&#39;élément &#39;main&#39; doit avoir la classe &#39;flex-column&#39; in 500ms - expected &#34;has flex-column&#34; but got: &#34;element could not be located&#34; (520ms)">    at DescribeInstance.&lt;anonymous&gt; (/Users/thierry/Desktop/20223-TP2/site-web/tests/e2e/playlist.js:40:20)</failure>

      <failure message="Un élément &#39;div&#39; avec comme id &#39;songs-list&#39; doit être présent à l&#39;intérieur de l&#39;élément main in 500ms - expected &#34;is present&#34; but got: &#34;not present&#34; (526ms)">    at DescribeInstance.&lt;anonymous&gt; (/Users/thierry/Desktop/20223-TP2/site-web/tests/e2e/playlist.js:45:20)</failure>

      <failure message="Le pied de page existe in 500ms - expected &#34;is present&#34; but got: &#34;not present&#34; (586ms)">    at Object.validateFooter (/Users/thierry/Desktop/20223-TP2/site-web/tests/e2e/shared.js:73:20)
    at DescribeInstance.&lt;anonymous&gt; (/Users/thierry/Desktop/20223-TP2/site-web/tests/e2e/playlist.js:49:12)</failure>

      <failure message="L&#39;élément &#39;footer&#39; a l&#39;id &#39;playing-bar&#39; in 500ms - expected &#34;contains &#39;playing-bar&#39;&#34; but got: &#34;element could not be located&#34; (516ms)">    at Object.validateFooter (/Users/thierry/Desktop/20223-TP2/site-web/tests/e2e/shared.js:74:20)
    at DescribeInstance.&lt;anonymous&gt; (/Users/thierry/Desktop/20223-TP2/site-web/tests/e2e/playlist.js:49:12)</failure>

      <failure message="Failed [equal]: (Le pied de page doit contenir 2 noms) - expected &#34;2&#34; but got: &#34;0&#34; (0ms)">    at NightwatchAPI.&lt;anonymous&gt; (/Users/thierry/Desktop/20223-TP2/site-web/tests/e2e/shared.js:81:22)</failure>

    
    </testcase>
  
    <testcase name="Tests de l&#39;entête du contenu principal" classname="playlist" time="5.258" assertions="10">  <failure message="Un élément &#39;header&#39; avec comme id &#39;playlist-header&#39; doit être présent à l&#39;intérieur de l&#39;élément div#songs-list in 500ms - expected &#34;is present&#34; but got: &#34;not present&#34; (515ms)">    at DescribeInstance.&lt;anonymous&gt; (/Users/thierry/Desktop/20223-TP2/site-web/tests/e2e/playlist.js:53:20)</failure>

      <failure message="L&#39;élément &#39;header&#39; avec comme id &#39;playlist-header&#39; doit avoir la classe &#39;flex-row&#39; in 500ms - expected &#34;has flex-row&#34; but got: &#34;element could not be located&#34; (518ms)">    at DescribeInstance.&lt;anonymous&gt; (/Users/thierry/Desktop/20223-TP2/site-web/tests/e2e/playlist.js:57:20)</failure>

      <failure message="Il doit y avoir un élément &#39;img&#39; présent à l&#39;intérieur de l&#39;élément &#39;header&#39; précédent in 500ms - expected &#34;is present&#34; but got: &#34;not present&#34; (525ms)">    at DescribeInstance.&lt;anonymous&gt; (/Users/thierry/Desktop/20223-TP2/site-web/tests/e2e/playlist.js:62:20)</failure>

      <failure message="La largeur de l&#39;image doit être de 80px in 500ms - expected &#34;contains &#39;80px&#39;&#34; but got: &#34;element could not be located&#34; (522ms)">    at DescribeInstance.&lt;anonymous&gt; (/Users/thierry/Desktop/20223-TP2/site-web/tests/e2e/playlist.js:66:20)</failure>

      <failure message="La hauteur de l&#39;image doit être de 80px in 500ms - expected &#34;contains &#39;80px&#39;&#34; but got: &#34;element could not be located&#34; (529ms)">    at DescribeInstance.&lt;anonymous&gt; (/Users/thierry/Desktop/20223-TP2/site-web/tests/e2e/playlist.js:72:20)</failure>

      <failure message="Un élément &#39;h1&#39; doit être présent l&#39;élément &#39;img&#39; et doit avoir l&#39;id &#39;playlist-title&#39;  in 500ms - expected &#34;is present&#34; but got: &#34;not present&#34; (530ms)">    at DescribeInstance.&lt;anonymous&gt; (/Users/thierry/Desktop/20223-TP2/site-web/tests/e2e/playlist.js:78:20)</failure>

      <failure message="Un élément &#39;a&#39; doit être présent après l&#39;élément &#39;h1&#39; et doit avoir l&#39;id &#39;playlist-edit&#39; in 500ms - expected &#34;is present&#34; but got: &#34;not present&#34; (521ms)">    at DescribeInstance.&lt;anonymous&gt; (/Users/thierry/Desktop/20223-TP2/site-web/tests/e2e/playlist.js:82:20)</failure>

      <failure message="L&#39;élément &#39;a&#39; doit contenir un attribut &#39;href&#39; ayant comme valeur &#39;./create_playlist.html&#39; in 500ms - expected &#34;contains &#39;./create_playlist.html&#39;&#34; but got: &#34;element could not be located&#34; (529ms)">    at DescribeInstance.&lt;anonymous&gt; (/Users/thierry/Desktop/20223-TP2/site-web/tests/e2e/playlist.js:86:20)</failure>

      <failure message="Il doit y avoir un élément &#39;i&#39; à l&#39;intérieur de l&#39;élément a précédent in 500ms - expected &#34;is present&#34; but got: &#34;not present&#34; (524ms)">    at DescribeInstance.&lt;anonymous&gt; (/Users/thierry/Desktop/20223-TP2/site-web/tests/e2e/playlist.js:92:20)</failure>

      <failure message="La classe de l&#39;élément &#39;i&#39; doit être &#39;fa fa-2x fa-pencil&#39; in 500ms - expected &#34;has fa fa-2x fa-pencil&#34; but got: &#34;element could not be located&#34; (529ms)">    at DescribeInstance.&lt;anonymous&gt; (/Users/thierry/Desktop/20223-TP2/site-web/tests/e2e/playlist.js:96:20)</failure>

    
    </testcase>
  

  
    <system-err>
       → TypeError

    Cannot read properties of null (reading &#39;playlist&#39;)

    Error location:
/Users/thierry/Desktop/20223-TP2/site-web/tests/e2e/index.js:
––––––––––––––––––––––––––––––––––––––––––––––––––––––––––––––
 10 |       [],
 11 |       (result) =&gt; {
 12 |         EXPECTED_PLAYLISTS = JSON.parse(result.value.playlist); 
 13 |         EXPECTED_SONGS = JSON.parse(result.value.songs);
 14 |       }
––––––––––––––––––––––––––––––––––––––––––––––––––––––––––––––

    Stack Trace :
at NightwatchAPI.&lt;anonymous&gt; (/Users/thierry/Desktop/20223-TP2/site-web/tests/e2e/index.js:12:54)
at Function.makePromise (/Users/thierry/Desktop/20223-TP2/site-web/node_modules/nightwatch/lib/utils/index.js:183:28)
at /Users/thierry/Desktop/20223-TP2/site-web/node_modules/nightwatch/lib/core/client.js:270:47
at processTicksAndRejections (node:internal/process/task_queues:96:5)

 → TypeError

    Cannot read properties of null (reading &#39;playlist&#39;)

    Error location:
/Users/thierry/Desktop/20223-TP2/site-web/tests/e2e/playlist.js:
–––––––––––––––––––––––––––––––––––––––––––––––––––––––––––––––––
 16 |       [],
 17 |       (result) =&gt; {
 18 |         EXPECTED_PLAYLIST = JSON.parse(result.value.playlist).find( 
 19 |           (x) =&gt; x.id === &#34;1&#34;
 20 |         );
–––––––––––––––––––––––––––––––––––––––––––––––––––––––––––––––––

    Stack Trace :
at NightwatchAPI.&lt;anonymous&gt; (/Users/thierry/Desktop/20223-TP2/site-web/tests/e2e/playlist.js:18:53)
at Function.makePromise (/Users/thierry/Desktop/20223-TP2/site-web/node_modules/nightwatch/lib/utils/index.js:183:28)
at /Users/thierry/Desktop/20223-TP2/site-web/node_modules/nightwatch/lib/core/client.js:270:47
at processTicksAndRejections (node:internal/process/task_queues:96:5)

    </system-err>
  

    

  
    
    <testcase
      name="Tests du contenu principal de la page" classname="playlist">
      <skipped />
    </testcase>
    
    <testcase
      name="Tests de la barre de lecture de musique" classname="playlist">
      <skipped />
    </testcase>
    
    <testcase
      name="validation de la playlist #0" classname="playlist">
      <skipped />
    </testcase>
    
    <testcase
      name="validation de la playlist #1" classname="playlist">
      <skipped />
    </testcase>
    
    <testcase
      name="validation de la playlist #2" classname="playlist">
      <skipped />
    </testcase>
    
  
  </testsuite>
</testsuites>
